0 info it worked if it ends with ok
1 verbose cli [ 'D:\\work_program\\nodejs\\node.exe',
1 verbose cli   'D:\\work_program\\nodejs\\node_modules\\npm\\bin\\npm-cli.js',
1 verbose cli   'start' ]
2 info using npm@3.10.10
3 info using node@v6.10.0
4 verbose run-script [ 'prestart', 'start', 'poststart' ]
5 info lifecycle safefire-mobile-show@1.0.0~prestart: safefire-mobile-show@1.0.0
6 silly lifecycle safefire-mobile-show@1.0.0~prestart: no script for prestart, continuing
7 info lifecycle safefire-mobile-show@1.0.0~start: safefire-mobile-show@1.0.0
8 verbose lifecycle safefire-mobile-show@1.0.0~start: unsafe-perm in lifecycle true
9 verbose lifecycle safefire-mobile-show@1.0.0~start: PATH: D:\work_program\nodejs\node_modules\npm\bin\node-gyp-bin;E:\nodejs_workspace2\safefire-mobile-show\node_modules\.bin;C:\Windows\system32;C:\Windows;C:\Windows\System32\Wbem;C:\Windows\System32\WindowsPowerShell\v1.0\;D:\Program Files\Java\jdk1.8.0_91\bin;D:\work_program\mysql-5.6.24-winx64\bin;D:\work_program\PostgreSQL\9.4\bin;D:\Program Files (x86)\Skype\Phone\;C:\Program Files (x86)\Windows Kits\8.1\Windows Performance Toolkit\;D:\Program Files\CMake\bin;D:\work_program\gradle-3.0\bin;D:\Go\bin;d:\Program Files\Git\cmd;D:\work_program\nodejs\;D:\work_program\npm;d:\Program Files (x86)\Microsoft VS Code\bin;C:\Users\Leo\AppData\Roaming\npm
10 verbose lifecycle safefire-mobile-show@1.0.0~start: CWD: E:\nodejs_workspace2\safefire-mobile-show
11 silly lifecycle safefire-mobile-show@1.0.0~start: Args: [ '/d /s /c', 'webpack --watch | webpack-dev-server --inline' ]
12 silly lifecycle safefire-mobile-show@1.0.0~start: Returned: code: 3221225786  signal: null
13 info lifecycle safefire-mobile-show@1.0.0~start: Failed to exec start script
14 verbose stack Error: safefire-mobile-show@1.0.0 start: `webpack --watch | webpack-dev-server --inline`
14 verbose stack Exit status 3221225786
14 verbose stack     at EventEmitter.<anonymous> (D:\work_program\nodejs\node_modules\npm\lib\utils\lifecycle.js:255:16)
14 verbose stack     at emitTwo (events.js:106:13)
14 verbose stack     at EventEmitter.emit (events.js:191:7)
14 verbose stack     at ChildProcess.<anonymous> (D:\work_program\nodejs\node_modules\npm\lib\utils\spawn.js:40:14)
14 verbose stack     at emitTwo (events.js:106:13)
14 verbose stack     at ChildProcess.emit (events.js:191:7)
14 verbose stack     at maybeClose (internal/child_process.js:877:16)
14 verbose stack     at Process.ChildProcess._handle.onexit (internal/child_process.js:226:5)
15 verbose pkgid safefire-mobile-show@1.0.0
16 verbose cwd E:\nodejs_workspace2\safefire-mobile-show
17 error Windows_NT 6.1.7601
18 error argv "D:\\work_program\\nodejs\\node.exe" "D:\\work_program\\nodejs\\node_modules\\npm\\bin\\npm-cli.js" "start"
19 error node v6.10.0
20 error npm  v3.10.10
21 error code ELIFECYCLE
22 error safefire-mobile-show@1.0.0 start: `webpack --watch | webpack-dev-server --inline`
22 error Exit status 3221225786
23 error Failed at the safefire-mobile-show@1.0.0 start script 'webpack --watch | webpack-dev-server --inline'.
23 error Make sure you have the latest version of node.js and npm installed.
23 error If you do, this is most likely a problem with the safefire-mobile-show package,
23 error not with npm itself.
23 error Tell the author that this fails on your system:
23 error     webpack --watch | webpack-dev-server --inline
23 error You can get information on how to open an issue for this project with:
23 error     npm bugs safefire-mobile-show
23 error Or if that isn't available, you can get their info via:
23 error     npm owner ls safefire-mobile-show
23 error There is likely additional logging output above.
24 verbose exit [ 1, true ]
